2023-11-17 11:34:00,461 - INFO - Pika version 1.3.2 connecting to ('::1', 5672, 0, 0)
2023-11-17 11:34:00,461 - INFO - Socket connected: <socket.socket fd=600, family=AddressFamily.AF_INET6, type=SocketKind.SOCK_STREAM, proto=6, laddr=('::1', 50422, 0, 0), raddr=('::1', 5672, 0, 0)>
2023-11-17 11:34:00,461 - INFO - Streaming transport linked up: (<pika.adapters.utils.io_services_utils._AsyncPlaintextTransport object at 0x0000012CBF4CF520>, _StreamingProtocolShim: <SelectConnection PROTOCOL transport=<pika.adapters.utils.io_services_utils._AsyncPlaintextTransport object at 0x0000012CBF4CF520> params=<ConnectionParameters host=localhost port=5672 virtual_host=/ ssl=False>>).
2023-11-17 11:34:00,467 - INFO - AMQPConnector - reporting success: <SelectConnection OPEN transport=<pika.adapters.utils.io_services_utils._AsyncPlaintextTransport object at 0x0000012CBF4CF520> params=<ConnectionParameters host=localhost port=5672 virtual_host=/ ssl=False>>
2023-11-17 11:34:00,468 - INFO - AMQPConnectionWorkflow - reporting success: <SelectConnection OPEN transport=<pika.adapters.utils.io_services_utils._AsyncPlaintextTransport object at 0x0000012CBF4CF520> params=<ConnectionParameters host=localhost port=5672 virtual_host=/ ssl=False>>
2023-11-17 11:34:00,468 - INFO - Connection workflow succeeded: <SelectConnection OPEN transport=<pika.adapters.utils.io_services_utils._AsyncPlaintextTransport object at 0x0000012CBF4CF520> params=<ConnectionParameters host=localhost port=5672 virtual_host=/ ssl=False>>
2023-11-17 11:34:00,468 - INFO - Created channel=1
2023-11-17 11:34:00,469 - ERROR - Error processing row ['M2', '2011-03-31T01:00:00Z', '1001.5098464988656', '174', '20.948', '26.868', '1.25', '4.688', '176', '1.719', '8.672', '8.35', '91.953', '1']: could not convert string to float: '2011 03 31 01 00 00'
2023-11-17 11:34:01,478 - ERROR - Error processing row ['M2', '2011-03-31T02:00:00Z', '999.16', '171', '20.948', '26.413', '1.406', '4.688', '173', '2.188', '8.979', '8.262', '93.672', '1']: could not convert string to float: '2011 03 31 02 00 00'
2023-11-17 11:34:02,485 - ERROR - Error processing row ['M2', '2011-03-31T03:00:00Z', '997.598', '188', '18.671', '25.046', '1.563', '4.688', '174', '2.422', '9.526', '8.203', '94.102', '1']: could not convert string to float: '2011 03 31 03 00 00'
2023-11-17 11:34:03,491 - ERROR - Error processing row ['M2', '2011-03-31T04:00:00Z', '995.645', '199', '23.68', '30.056', '1.641', '4.688', '172', '2.5', '10.039', '8.174', '92.813', '1']: could not convert string to float: '2011 03 31 04 00 00'
2023-11-17 11:34:04,501 - ERROR - Error processing row ['M2', '2011-03-31T05:00:00Z', '995.547', '195', '23.68', '30.056', '2.109', '4.922', '190', '3.75', '10.313', '8.174', '91.523', '1']: could not convert string to float: '2011 03 31 05 00 00'
2023-11-17 11:34:05,508 - ERROR - Error processing row ['M2', '2011-03-31T06:00:00Z', '995.645', '196', '24.136', '31.422', '2.188', '4.688', '193', '3.594', '10.483', '8.262', '89.805', '1']: could not convert string to float: '2011 03 31 06 00 00'
2023-11-17 11:34:06,519 - ERROR - Error processing row ['M2', '2011-03-31T07:00:00Z', '995.449', '230', '28.234', '43.262', '2.266', '4.922', '191', '3.203', '12.705', '8.291', '68.75', '1']: could not convert string to float: '2011 03 31 07 00 00'
2023-11-17 11:34:07,528 - ERROR - Error processing row ['M2', '2011-03-31T08:00:00Z', '998.379', '251', '23.68', '31.877', '2.422', '4.688', '201', '3.281', '11.03', '8.32', '74.336', '1']: could not convert string to float: '2011 03 31 08 00 00'
2023-11-17 11:34:08,529 - ERROR - Error processing row ['M2', '2011-03-31T09:00:00Z', '1001.5098464988656', '255', '23.68', '31.877', '2.422', '4.805', '212', '3.359', '10.62', '8.262', '73.906', '1']: could not convert string to float: '2011 03 31 09 00 00'
2023-11-17 11:34:09,533 - ERROR - Error processing row ['M2', '2011-03-31T10:00:00Z', '1001.5098464988656', '257', '21.403', '29.145', '2.969', '5.508', '228', '4.531', '10.449', '8.174', '73.477', '1']: could not convert string to float: '2011 03 31 10 00 00'
2023-11-17 11:34:10,544 - ERROR - Error processing row ['M2', '2011-03-31T11:00:00Z', '1001.5098464988656', '251', '21.403', '29.145', '2.344', '5.273', '224', '4.219', '10.483', '8.262', '75.195', '1']: could not convert string to float: '2011 03 31 11 00 00'
2023-11-17 11:34:11,553 - ERROR - Error processing row ['M2', '2011-03-31T12:00:00Z', '1001.5098464988656', '254', '15.483', '19.582', '2.266', '5.156', '222', '3.047', '10.552', '8.32', '73.047', '1']: could not convert string to float: '2011 03 31 12 00 00'
2023-11-17 11:34:12,563 - ERROR - Error processing row ['M2', '2011-03-31T13:00:00Z', '1001.5098464988656', '261', '14.117', '19.126', '2.031', '5.273', '226', '2.734', '10.859', '8.291', '71.758', '1']: could not convert string to float: '2011 03 31 13 00 00'
2023-11-17 11:34:13,565 - ERROR - Error processing row ['M2', '2011-03-31T14:00:00Z', '1001.5098464988656', '239', '10.929', '15.939', '1.797', '5.273', '236', '2.422', '11.235', '8.291', '70.039', '1']: could not convert string to float: '2011 03 31 14 00 00'
2023-11-17 11:34:14,577 - ERROR - Error processing row ['M2', '2011-03-31T15:00:00Z', '1001.5098464988656', '181', '10.474', '20.037', '1.875', '5.391', '229', '2.891', '12.056', '8.262', '64.023', '1']: could not convert string to float: '2011 03 31 15 00 00'
2023-11-17 11:34:15,584 - ERROR - Error processing row ['M2', '2011-03-31T16:00:00Z', '1008.34', '220', '8.652', '11.385', '1.484', '5.156', '211', '2.344', '11.543', '8.291', '69.609', '1']: could not convert string to float: '2011 03 31 16 00 00'
2023-11-17 11:34:16,596 - ERROR - Error processing row ['M2', '2011-03-31T17:00:00Z', '1008.34', '165', '12.296', '15.028', '1.328', '4.922', '212', '1.875', '9.663', '8.291', '86.797', '1']: could not convert string to float: '2011 03 31 17 00 00'
2023-11-17 11:34:17,610 - ERROR - Error processing row ['M2', '2011-03-31T18:00:00Z', '1001.5098464988656', '184', '13.206', '17.76', '1.328', '4.922', '207', '1.875', '9.629', '8.291', '91.094', '1']: could not convert string to float: '2011 03 31 18 00 00'
2023-11-17 11:34:18,616 - ERROR - Error processing row ['M2', '2011-03-31T19:00:00Z', '1001.5098464988656', '198', '17.305', '20.948', '1.406', '4.219', '191', '1.641', '9.731', '8.35', '91.094', '1']: could not convert string to float: '2011 03 31 19 00 00'
2023-11-17 11:34:19,622 - ERROR - Error processing row ['M2', '2011-03-31T20:00:00Z', '1001.5098464988656', '203', '19.582', '24.136', '1.484', '4.219', '193', '1.953', '9.971', '8.32', '89.805', '1']: could not convert string to float: '2011 03 31 20 00 00'
2023-11-17 11:34:20,631 - ERROR - Error processing row ['M2', '2011-03-31T21:00:00Z', '1001.5098464988656', '203', '20.037', '24.591', '1.484', '4.219', '194', '2.031', '9.697', '8.379', '91.094', '1']: could not convert string to float: '2011 03 31 21 00 00'
2023-11-17 11:34:21,641 - ERROR - Error processing row ['M2', '2011-03-31T22:00:00Z', '1001.5098464988656', '199', '21.403', '25.957', '1.406', '4.219', '193', '2.188', '9.731', '8.379', '91.094', '1']: could not convert string to float: '2011 03 31 22 00 00'
2023-11-17 11:34:22,651 - ERROR - Error processing row ['M2', '2011-03-31T23:00:00Z', '1001.5098464988656', '191', '19.582', '24.591', '1.406', '4.336', '183', '1.953', '9.526', '8.35', '92.383', '1']: could not convert string to float: '2011 03 31 23 00 00'
2023-11-17 11:34:23,663 - ERROR - Error processing row ['M2', '2011-04-01T00:00:00Z', '1001.5098464988656', '196', '13.206', '18.671', '1.563', '4.688', '173', '2.344', '9.458', '8.379', '94.531', '1']: could not convert string to float: '2011 04 01 00 00 00'
2023-11-17 11:34:24,672 - ERROR - Error processing row ['M2', '2011-04-01T01:00:00Z', '1001.5098464988656', '192', '14.573', '21.403', '1.719', '5.391', '174', '2.5', '9.595', '8.291', '94.961', '1']: could not convert string to float: '2011 04 01 01 00 00'
2023-11-17 11:34:25,679 - ERROR - Error processing row ['M2', '2011-04-01T02:00:00Z', '1001.5098464988656', '196', '19.582', '26.413', '1.484', '5.273', '170', '1.953', '9.561', '8.291', '94.961', '1']: could not convert string to float: '2011 04 01 02 00 00'
2023-11-17 11:34:26,686 - ERROR - Error processing row ['M2', '2011-04-01T03:00:00Z', '1001.5098464988656', '191', '22.314', '29.145', '1.953', '5.508', '180', '2.578', '9.595', '8.232', '94.961', '1']: could not convert string to float: '2011 04 01 03 00 00'
2023-11-17 11:34:27,694 - ERROR - Error processing row ['M2', '2011-04-01T04:00:00Z', '1006.68', '192', '23.68', '32.333', '2.031', '5.391', '176', '3.125', '9.697', '8.232', '94.961', '1']: could not convert string to float: '2011 04 01 04 00 00'
2023-11-17 11:34:28,703 - ERROR - Error processing row ['M2', '2011-04-01T05:00:00Z', '1001.5098464988656', '199', '25.046', '33.244', '2.188', '5.273', '183', '3.047', '9.731', '8.262', '94.531', '1']: could not convert string to float: '2011 04 01 05 00 00'
2023-11-17 11:34:29,705 - ERROR - Error processing row ['M2', '2011-04-01T06:00:00Z', '1006.68', '198', '25.046', '33.244', '2.344', '5.039', '186', '3.75', '9.595', '8.232', '94.961', '1']: could not convert string to float: '2011 04 01 06 00 00'
2023-11-17 11:34:30,715 - ERROR - Error processing row ['M2', '2011-04-01T07:00:00Z', '1001.5098464988656', '189', '24.136', '30.511', '2.656', '5.156', '188', '4.063', '9.561', '8.262', '94.102', '1']: could not convert string to float: '2011 04 01 07 00 00'
2023-11-17 11:34:31,725 - ERROR - Error processing row ['M2', '2011-04-01T08:00:00Z', '1007.07', '187', '25.502', '31.422', '2.5', '5.039', '191', '3.672', '9.526', '8.32', '94.531', '1']: could not convert string to float: '2011 04 01 08 00 00'
2023-11-17 11:34:32,732 - ERROR - Error processing row ['M2', '2011-04-01T09:00:00Z', '1001.5098464988656', '191', '26.413', '33.699', '2.266', '4.688', '194', '3.672', '9.492', '8.35', '94.531', '1']: could not convert string to float: '2011 04 01 09 00 00'
2023-11-17 11:34:33,741 - ERROR - Error processing row ['M2', '2011-04-01T10:00:00Z', '1001.5098464988656', '192', '27.779', '35.52', '2.422', '4.805', '188', '3.516', '9.629', '8.32', '94.102', '1']: could not convert string to float: '2011 04 01 10 00 00'
2023-11-17 11:34:34,752 - ERROR - Error processing row ['M2', '2011-04-01T11:00:00Z', '1001.5098464988656', '192', '27.779', '41.896', '2.656', '5.039', '184', '3.75', '9.937', '8.291', '89.805', '1']: could not convert string to float: '2011 04 01 11 00 00'
2023-11-17 11:34:35,759 - ERROR - Error processing row ['M2', '2011-04-01T12:00:00Z', '1001.5098464988656', '196', '25.046', '33.244', '2.5', '5.391', '180', '3.75', '10.005', '8.291', '88.516', '1']: could not convert string to float: '2011 04 01 12 00 00'
2023-11-17 11:34:36,766 - ERROR - Error processing row ['M2', '2011-04-01T13:00:00Z', '1007.07', '188', '20.493', '34.154', '2.813', '5.977', '177', '4.375', '10.21', '8.32', '87.656', '1']: could not convert string to float: '2011 04 01 13 00 00'
2023-11-17 11:34:37,775 - ERROR - Error processing row ['M2', '2011-04-01T14:00:00Z', '1001.5098464988656', '201', '17.76', '28.234', '3.047', '6.563', '177', '4.453', '10.005', '8.32', '88.945', '1']: could not convert string to float: '2011 04 01 14 00 00'
2023-11-17 11:34:38,782 - ERROR - Error processing row ['M2', '2011-04-01T15:00:00Z', '1001.5098464988656', '189', '23.68', '32.333', '3.281', '6.68', '176', '4.219', '10.005', '8.262', '88.086', '1']: could not convert string to float: '2011 04 01 15 00 00'
2023-11-17 11:34:39,784 - ERROR - Error processing row ['M2', '2011-04-01T16:00:00Z', '1001.5098464988656', '187', '26.413', '36.431', '3.672', '6.797', '181', '5.156', '10.039', '8.262', '87.227', '1']: could not convert string to float: '2011 04 01 16 00 00'
2023-11-17 11:34:40,796 - ERROR - Error processing row ['M2', '2011-04-01T17:00:00Z', '1001.5098464988656', '177', '27.779', '37.342', '3.438', '6.328', '177', '5.547', '9.937', '8.291', '89.375', '1']: could not convert string to float: '2011 04 01 17 00 00'
2023-11-17 11:34:41,803 - ERROR - Error processing row ['M2', '2011-04-01T18:00:00Z', '1001.5098464988656', '180', '24.591', '32.788', '3.516', '6.094', '183', '4.531', '10.005', '8.291', '89.805', '1']: could not convert string to float: '2011 04 01 18 00 00'
2023-11-17 11:34:42,812 - ERROR - Error processing row ['M2', '2011-04-01T19:00:00Z', '1001.5098464988656', '181', '23.225', '31.422', '2.969', '5.508', '184', '5.234', '9.868', '8.262', '90.234', '1']: could not convert string to float: '2011 04 01 19 00 00'
2023-11-17 11:34:43,818 - ERROR - Error processing row ['M2', '2011-04-01T20:00:00Z', '1001.5098464988656', '181', '28.234', '36.431', '2.969', '5.391', '188', '4.609', '9.868', '8.32', '90.234', '1']: could not convert string to float: '2011 04 01 20 00 00'
2023-11-17 11:34:44,827 - ERROR - Error processing row ['M2', '2011-04-01T21:00:00Z', '1001.5098464988656', '178', '26.868', '35.52', '2.5', '4.922', '187', '3.359', '9.902', '8.35', '89.805', '1']: could not convert string to float: '2011 04 01 21 00 00'
2023-11-17 11:34:45,831 - ERROR - Error processing row ['M2', '2011-04-01T22:00:00Z', '1002.48', '177', '28.69', '37.342', '2.578', '4.922', '186', '4.375', '9.937', '8.291', '88.945', '1']: could not convert string to float: '2011 04 01 22 00 00'
2023-11-17 11:34:46,840 - ERROR - Error processing row ['M2', '2011-04-01T23:00:00Z', '1001.5098464988656', '180', '26.868', '37.797', '2.422', '5.039', '181', '3.828', '9.971', '8.232', '88.945', '1']: could not convert string to float: '2011 04 01 23 00 00'
2023-11-17 11:34:47,855 - ERROR - Error processing row ['M2', '2011-04-02T00:00:00Z', '1001.5098464988656', '181', '16.849', '25.957', '2.344', '5.156', '181', '3.438', '9.697', '8.232', '89.805', '1']: could not convert string to float: '2011 04 02 00 00 00'
2023-11-17 11:34:48,866 - ERROR - Error processing row ['M2', '2011-04-02T01:00:00Z', '1001.5098464988656', '180', '21.859', '30.967', '2.5', '5.859', '176', '3.828', '9.595', '8.291', '91.523', '1']: could not convert string to float: '2011 04 02 01 00 00'
2023-11-17 11:34:49,873 - ERROR - Error processing row ['M2', '2011-04-02T02:00:00Z', '1001.5098464988656', '182', '22.77', '30.511', '2.656', '6.328', '177', '3.828', '9.424', '8.291', '92.813', '1']: could not convert string to float: '2011 04 02 02 00 00'
2023-11-17 11:34:50,886 - ERROR - Error processing row ['M2', '2011-04-02T03:00:00Z', '1001.5098464988656', '191', '23.68', '32.788', '2.734', '6.211', '183', '3.906', '9.697', '8.262', '92.383', '1']: could not convert string to float: '2011 04 02 03 00 00'
2023-11-17 11:34:51,899 - ERROR - Error processing row ['M2', '2011-04-02T04:00:00Z', '1001.5098464988656', '189', '22.314', '28.69', '2.969', '6.445', '186', '4.063', '9.697', '8.262', '91.953', '1']: could not convert string to float: '2011 04 02 04 00 00'
2023-11-17 11:34:52,906 - ERROR - Error processing row ['M2', '2011-04-02T05:00:00Z', '1001.5098464988656', '205', '23.225', '32.333', '2.891', '6.094', '181', '4.688', '9.697', '8.203', '90.664', '1']: could not convert string to float: '2011 04 02 05 00 00'
2023-11-17 11:34:53,917 - ERROR - Error processing row ['M2', '2011-04-02T06:00:00Z', '1001.5098464988656', '267', '15.028', '19.582', '2.734', '5.742', '191', '3.672', '8.706', '8.174', '86.797', '1']: could not convert string to float: '2011 04 02 06 00 00'
2023-11-17 11:34:54,921 - ERROR - Error processing row ['M2', '2011-04-02T07:00:00Z', '1001.5098464988656', '271', '11.84', '16.394', '2.344', '5.273', '193', '3.594', '8.193', '8.262', '86.797', '1']: could not convert string to float: '2011 04 02 07 00 00'
2023-11-17 11:34:55,925 - ERROR - Error processing row ['M2', '2011-04-02T08:00:00Z', '1001.5098464988656', '268', '15.028', '19.126', '1.797', '4.805', '195', '2.656', '7.852', '8.262', '85.078', '1']: could not convert string to float: '2011 04 02 08 00 00'
2023-11-17 11:34:56,934 - ERROR - Error processing row ['M2', '2011-04-02T09:00:00Z', '1001.5098464988656', '261', '9.563', '12.296', '1.563', '4.453', '198', '2.266', '8.091', '8.32', '84.219', '1']: could not convert string to float: '2011 04 02 09 00 00'
2023-11-17 11:34:57,946 - ERROR - Error processing row ['M2', '2011-04-02T10:00:00Z', '1001.5098464988656', '222', '9.108', '11.385', '1.484', '4.57', '207', '1.953', '8.33', '8.379', '83.359', '1']: could not convert string to float: '2011 04 02 10 00 00'
2023-11-17 11:34:58,957 - ERROR - Error processing row ['M2', '2011-04-02T11:00:00Z', '1001.5098464988656', '187', '11.385', '14.573', '1.25', '4.688', '210', '1.875', '8.706', '8.438', '82.07', '1']: could not convert string to float: '2011 04 02 11 00 00'
2023-11-17 11:34:59,964 - ERROR - Error processing row ['M2', '2011-04-02T12:00:00Z', '1006.68', '192', '15.028', '20.493', '1.094', '4.57', '203', '2.031', '8.877', '8.467', '82.5', '1']: could not convert string to float: '2011 04 02 12 00 00'
2023-11-17 11:35:00,971 - ERROR - Error processing row ['M2', '2011-04-02T13:00:00Z', '1001.5098464988656', '181', '14.573', '18.671', '1.016', '4.453', '177', '1.25', '8.877', '8.496', '84.219', '1']: could not convert string to float: '2011 04 02 13 00 00'
2023-11-17 11:35:01,975 - ERROR - Error processing row ['M2', '2011-04-02T14:00:00Z', '1001.5098464988656', '188', '15.028', '18.216', '0.859', '4.688', '172', '1.328', '9.185', '8.408', '86.367', '1']: could not convert string to float: '2011 04 02 14 00 00'
2023-11-17 11:35:02,987 - ERROR - Error processing row ['M2', '2011-04-02T15:00:00Z', '1001.5098464988656', '184', '17.305', '22.314', '0.938', '4.57', '177', '1.328', '9.219', '8.438', '88.086', '1']: could not convert string to float: '2011 04 02 15 00 00'
2023-11-17 11:35:03,999 - ERROR - Error processing row ['M2', '2011-04-02T16:00:00Z', '1007.07', '196', '17.76', '23.225', '1.094', '4.453', '177', '1.563', '9.082', '8.35', '90.234', '1']: could not convert string to float: '2011 04 02 16 00 00'
2023-11-17 11:35:05,008 - ERROR - Error processing row ['M2', '2011-04-02T17:00:00Z', '1001.5098464988656', '191', '18.216', '22.77', '1.328', '4.57', '186', '1.953', '9.185', '8.379', '89.375', '1']: could not convert string to float: '2011 04 02 17 00 00'
2023-11-17 11:35:06,015 - ERROR - Error processing row ['M2', '2011-04-02T18:00:00Z', '1001.5098464988656', '198', '17.305', '21.859', '1.563', '4.453', '186', '2.188', '9.287', '8.379', '88.945', '1']: could not convert string to float: '2011 04 02 18 00 00'
2023-11-17 11:35:07,024 - ERROR - Error processing row ['M2', '2011-04-02T19:00:00Z', '1001.5098464988656', '194', '17.305', '21.403', '1.641', '4.336', '190', '2.188', '9.15', '8.35', '89.375', '1']: could not convert string to float: '2011 04 02 19 00 00'
2023-11-17 11:35:08,028 - ERROR - Error processing row ['M2', '2011-04-02T20:00:00Z', '1001.5098464988656', '196', '17.76', '21.403', '1.875', '4.57', '186', '2.734', '9.014', '8.379', '90.234', '1']: could not convert string to float: '2011 04 02 20 00 00'
2023-11-17 11:35:09,038 - ERROR - Error processing row ['M2', '2011-04-02T21:00:00Z', '1001.5098464988656', '201', '16.849', '20.037', '1.641', '4.336', '190', '1.953', '9.014', '8.35', '90.664', '1']: could not convert string to float: '2011 04 02 21 00 00'
2023-11-17 11:35:10,050 - ERROR - Error processing row ['M2', '2011-04-02T22:00:00Z', '1008.73', '219', '12.751', '16.394', '1.328', '3.984', '194', '1.719', '8.809', '8.379', '91.094', '1']: could not convert string to float: '2011 04 02 22 00 00'
2023-11-17 11:35:11,057 - ERROR - Error processing row ['M2', '2011-04-02T23:00:00Z', '1001.5098464988656', '212', '12.296', '15.483', '1.172', '4.219', '191', '1.563', '8.877', '8.35', '85.078', '1']: could not convert string to float: '2011 04 02 23 00 00'
2023-11-17 11:35:12,069 - ERROR - Error processing row ['M2', '2011-04-03T00:00:00Z', '1001.5098464988656', '210', '12.296', '15.028', '1.094', '4.336', '177', '1.406', '8.74', '8.32', '85.938', '1']: could not convert string to float: '2011 04 03 00 00 00'
2023-11-17 11:35:13,073 - ERROR - Error processing row ['M2', '2011-04-03T01:00:00Z', '1001.5098464988656', '215', '7.286', '9.563', '0.859', '4.336', '173', '1.094', '8.774', '8.35', '87.227', '1']: could not convert string to float: '2011 04 03 01 00 00'
2023-11-17 11:35:14,081 - ERROR - Error processing row ['M2', '2011-04-03T02:00:00Z', '1001.5098464988656', '220', '6.375', '9.563', '0.703', '4.57', '170', '1.094', '8.672', '8.32', '88.086', '1']: could not convert string to float: '2011 04 03 02 00 00'
2023-11-17 11:35:15,089 - ERROR - Error processing row ['M2', '2011-04-03T03:00:00Z', '1001.5098464988656', '223', '6.375', '10.019', '0.703', '4.688', '174', '0.859', '8.535', '8.291', '89.375', '1']: could not convert string to float: '2011 04 03 03 00 00'
2023-11-17 11:35:16,093 - ERROR - Error processing row ['M2', '2011-04-03T04:00:00Z', '1001.5098464988656', '210', '8.197', '10.474', '0.703', '4.805', '173', '0.938', '8.569', '8.408', '89.805', '1']: could not convert string to float: '2011 04 03 04 00 00'
2023-11-17 11:35:17,106 - ERROR - Error processing row ['M2', '2011-04-03T05:00:00Z', '1001.5098464988656', '216', '8.652', '10.929', '0.703', '4.688', '165', '0.938', '8.501', '8.408', '90.664', '1']: could not convert string to float: '2011 04 03 05 00 00'
2023-11-17 11:35:18,115 - ERROR - Error processing row ['M2', '2011-04-03T06:00:00Z', '1010.0', '220', '8.652', '10.474', '0.703', '4.336', '170', '1.016', '8.467', '8.408', '91.094', '1']: could not convert string to float: '2011 04 03 06 00 00'
2023-11-17 11:35:19,127 - ERROR - Error processing row ['M2', '2011-04-03T07:00:00Z', '1001.5098464988656', '229', '8.197', '9.563', '0.703', '4.102', '177', '0.859', '8.33', '8.408', '89.805', '1']: could not convert string to float: '2011 04 03 07 00 00'
2023-11-17 11:35:20,134 - ERROR - Error processing row ['M2', '2011-04-03T08:00:00Z', '1001.5098464988656', '216', '8.197', '10.474', '0.703', '3.867', '183', '0.938', '8.364', '8.379', '88.516', '1']: could not convert string to float: '2011 04 03 08 00 00'
2023-11-17 11:35:21,144 - ERROR - Error processing row ['M2', '2011-04-03T09:00:00Z', '1001.5098464988656', '215', '7.742', '9.108', '0.703', '3.75', '187', '0.938', '8.433', '8.438', '87.227', '1']: could not convert string to float: '2011 04 03 09 00 00'
2023-11-17 11:35:22,151 - ERROR - Error processing row ['M2', '2011-04-03T10:00:00Z', '1001.5098464988656', '212', '9.108', '10.929', '0.703', '3.867', '190', '0.781', '8.535', '8.467', '87.227', '1']: could not convert string to float: '2011 04 03 10 00 00'
2023-11-17 11:35:23,161 - ERROR - Error processing row ['M2', '2011-04-03T11:00:00Z', '1011.27', '244', '7.742', '10.474', '0.625', '3.984', '190', '0.938', '8.638', '8.496', '85.938', '1']: could not convert string to float: '2011 04 03 11 00 00'
2023-11-17 11:35:24,169 - ERROR - Error processing row ['M2', '2011-04-03T12:00:00Z', '1011.66', '246', '8.197', '10.929', '0.547', '4.336', '184', '0.703', '8.364', '8.555', '82.5', '1']: could not convert string to float: '2011 04 03 12 00 00'
2023-11-17 11:35:25,174 - ERROR - Error processing row ['M2', '2011-04-03T13:00:00Z', '1001.5098464988656', '234', '5.009', '6.375', '0.547', '4.922', '177', '0.781', '8.569', '8.643', '82.5', '1']: could not convert string to float: '2011 04 03 13 00 00'
2023-11-17 11:35:26,180 - ERROR - Error processing row ['M2', '2011-04-03T14:00:00Z', '1001.5098464988656', '241', '6.375', '7.742', '0.547', '3.867', '190', '0.703', '9.014', '8.701', '78.203', '1']: could not convert string to float: '2011 04 03 14 00 00'
2023-11-17 11:35:27,187 - ERROR - Error processing row ['M2', '2011-04-03T15:00:00Z', '1001.5098464988656', '253', '7.286', '10.474', '0.469', '4.102', '205', '0.547', '9.082', '8.73', '76.914', '1']: could not convert string to float: '2011 04 03 15 00 00'
2023-11-17 11:35:28,198 - ERROR - Error processing row ['M2', '2011-04-03T16:00:00Z', '1001.5098464988656', '201', '7.742', '9.563', '0.547', '4.102', '203', '0.859', '9.048', '8.76', '79.922', '1']: could not convert string to float: '2011 04 03 16 00 00'
2023-11-17 11:35:29,210 - ERROR - Error processing row ['M2', '2011-04-03T17:00:00Z', '1001.5098464988656', '203', '7.286', '9.563', '0.469', '4.102', '179', '0.703', '8.979', '8.701', '82.5', '1']: could not convert string to float: '2011 04 03 17 00 00'
2023-11-17 11:35:30,221 - ERROR - Error processing row ['M2', '2011-04-03T18:00:00Z', '1001.5098464988656', '241', '5.92', '8.197', '0.469', '4.102', '173', '0.703', '9.629', '8.701', '71.328', '1']: could not convert string to float: '2011 04 03 18 00 00'
2023-11-17 11:35:31,230 - ERROR - Error processing row ['M2', '2011-04-03T19:00:00Z', '1001.5098464988656', '270', '11.385', '13.662', '0.547', '3.984', '180', '0.781', '9.971', '8.613', '62.734', '1']: could not convert string to float: '2011 04 03 19 00 00'
2023-11-17 11:35:32,236 - ERROR - Error processing row ['M2', '2011-04-03T20:00:00Z', '1001.5098464988656', '272', '10.474', '12.751', '0.625', '3.75', '217', '0.938', '9.663', '8.613', '70.039', '1']: could not convert string to float: '2011 04 03 20 00 00'
2023-11-17 11:35:33,247 - ERROR - Error processing row ['M2', '2011-04-03T21:00:00Z', '1001.5098464988656', '254', '6.831', '8.197', '0.703', '3.867', '228', '0.781', '9.219', '8.643', '73.477', '1']: could not convert string to float: '2011 04 03 21 00 00'
2023-11-17 11:35:34,254 - ERROR - Error processing row ['M2', '2011-04-03T22:00:00Z', '1001.5098464988656', '241', '10.929', '12.751', '0.625', '3.867', '229', '0.859', '9.321', '8.467', '68.32', '1']: could not convert string to float: '2011 04 03 22 00 00'
2023-11-17 11:35:35,267 - ERROR - Error processing row ['M2', '2011-04-03T23:00:00Z', '1001.5098464988656', '237', '10.019', '12.296', '0.625', '3.867', '235', '1.016', '8.809', '8.496', '73.047', '1']: could not convert string to float: '2011 04 03 23 00 00'
2023-11-17 11:35:36,276 - ERROR - Error processing row ['M2', '2011-04-04T00:00:00Z', '1001.5098464988656', '236', '13.662', '16.849', '0.625', '3.75', '239', '0.625', '8.638', '8.438', '71.758', '1']: could not convert string to float: '2011 04 04 00 00 00'
2023-11-17 11:35:37,279 - ERROR - Error processing row ['M2', '2011-04-04T01:00:00Z', '1001.5098464988656', '229', '11.84', '15.028', '0.625', '3.516', '231', '0.781', '8.433', '8.408', '71.758', '1']: could not convert string to float: '2011 04 04 01 00 00'
2023-11-17 11:35:38,288 - ERROR - Error processing row ['M2', '2011-04-04T02:00:00Z', '1001.5098464988656', '208', '8.652', '13.662', '0.625', '3.398', '214', '0.938', '8.228', '8.35', '77.773', '1']: could not convert string to float: '2011 04 04 02 00 00'
2023-11-17 11:35:39,298 - ERROR - Error processing row ['M2', '2011-04-04T03:00:00Z', '1001.5098464988656', '222', '9.563', '15.028', '0.547', '3.516', '207', '0.703', '8.33', '8.525', '75.625', '1']: could not convert string to float: '2011 04 04 03 00 00'
2023-11-17 11:35:40,303 - ERROR - Error processing row ['M2', '2011-04-04T04:00:00Z', '1014.59', '213', '11.84', '17.305', '0.703', '3.867', '211', '0.938', '8.091', '8.438', '76.055', '1']: could not convert string to float: '2011 04 04 04 00 00'
2023-11-17 11:35:41,311 - ERROR - Error processing row ['M2', '2011-04-04T05:00:00Z', '1001.5098464988656', '205', '15.483', '20.948', '0.859', '4.102', '204', '1.25', '8.228', '8.408', '77.773', '1']: could not convert string to float: '2011 04 04 05 00 00'
2023-11-17 11:35:42,313 - ERROR - Error processing row ['M2', '2011-04-04T06:00:00Z', '1001.5098464988656', '206', '20.948', '27.323', '1.016', '3.984', '198', '1.25', '8.604', '8.35', '82.93', '1']: could not convert string to float: '2011 04 04 06 00 00'
2023-11-17 11:35:43,323 - ERROR - Error processing row ['M2', '2011-04-04T07:00:00Z', '1001.5098464988656', '202', '16.394', '21.403', '1.406', '4.219', '200', '1.797', '8.809', '8.35', '85.078', '1']: could not convert string to float: '2011 04 04 07 00 00'
2023-11-17 11:35:44,330 - ERROR - Error processing row ['M2', '2011-04-04T08:00:00Z', '1001.5098464988656', '189', '20.948', '27.323', '1.406', '4.102', '200', '2.266', '8.774', '8.379', '87.656', '1']: could not convert string to float: '2011 04 04 08 00 00'
2023-11-17 11:35:45,342 - ERROR - Error processing row ['M2', '2011-04-04T09:00:00Z', '1001.5098464988656', '202', '30.967', '38.253', '1.641', '4.102', '193', '2.344', '8.979', '8.408', '86.797', '1']: could not convert string to float: '2011 04 04 09 00 00'
2023-11-17 11:35:46,351 - ERROR - Error processing row ['M2', '2011-04-04T10:00:00Z', '1001.5098464988656', '201', '25.502', '32.333', '1.953', '4.336', '188', '2.734', '9.185', '8.467', '86.367', '1']: could not convert string to float: '2011 04 04 10 00 00'
2023-11-17 11:35:47,360 - ERROR - Error processing row ['M2', '2011-04-04T11:00:00Z', '1001.5098464988656', '202', '24.136', '29.6', '2.109', '4.57', '190', '2.891', '9.424', '8.408', '86.367', '1']: could not convert string to float: '2011 04 04 11 00 00'
2023-11-17 11:35:47,925 - INFO - 
Closing connection. Goodbye.

2023-11-17 11:35:47,926 - INFO - Closing connection (200): Normal shutdown
2023-11-17 11:35:47,926 - INFO - Closing channel (200): 'Normal shutdown' on <Channel number=1 OPEN conn=<SelectConnection OPEN transport=<pika.adapters.utils.io_services_utils._AsyncPlaintextTransport object at 0x0000012CBF4CF520> params=<ConnectionParameters host=localhost port=5672 virtual_host=/ ssl=False>>>
2023-11-17 11:35:47,928 - INFO - Received <Channel.CloseOk> on <Channel number=1 CLOSING conn=<SelectConnection OPEN transport=<pika.adapters.utils.io_services_utils._AsyncPlaintextTransport object at 0x0000012CBF4CF520> params=<ConnectionParameters host=localhost port=5672 virtual_host=/ ssl=False>>>
2023-11-17 11:35:47,929 - INFO - Closing connection (200): 'Normal shutdown'
2023-11-17 11:35:47,930 - INFO - Aborting transport connection: state=1; <socket.socket fd=600, family=AddressFamily.AF_INET6, type=SocketKind.SOCK_STREAM, proto=6, laddr=('::1', 50422, 0, 0), raddr=('::1', 5672, 0, 0)>
2023-11-17 11:35:47,930 - INFO - _AsyncTransportBase._initate_abort(): Initiating abrupt asynchronous transport shutdown: state=1; error=None; <socket.socket fd=600, family=AddressFamily.AF_INET6, type=SocketKind.SOCK_STREAM, proto=6, laddr=('::1', 50422, 0, 0), raddr=('::1', 5672, 0, 0)>
2023-11-17 11:35:47,930 - INFO - Deactivating transport: state=1; <socket.socket fd=600, family=AddressFamily.AF_INET6, type=SocketKind.SOCK_STREAM, proto=6, laddr=('::1', 50422, 0, 0), raddr=('::1', 5672, 0, 0)>
2023-11-17 11:35:47,931 - INFO - AMQP stack terminated, failed to connect, or aborted: opened=True, error-arg=None; pending-error=ConnectionClosedByClient: (200) 'Normal shutdown'
2023-11-17 11:35:47,931 - INFO - Stack terminated due to ConnectionClosedByClient: (200) 'Normal shutdown'
2023-11-17 11:35:47,931 - INFO - Closing transport socket and unlinking: state=3; <socket.socket fd=600, family=AddressFamily.AF_INET6, type=SocketKind.SOCK_STREAM, proto=6, laddr=('::1', 50422, 0, 0), raddr=('::1', 5672, 0, 0)>
2023-11-17 11:35:47,931 - INFO - User-initiated close: result=BlockingConnection__OnClosedArgs(connection=<SelectConnection CLOSED transport=None params=<ConnectionParameters host=localhost port=5672 virtual_host=/ ssl=False>>, error=ConnectionClosedByClient: (200) 'Normal shutdown')
2023-11-17 11:36:12,995 - INFO - Pika version 1.3.2 connecting to ('::1', 5672, 0, 0)
2023-11-17 11:36:12,995 - INFO - Socket connected: <socket.socket fd=624, family=AddressFamily.AF_INET6, type=SocketKind.SOCK_STREAM, proto=6, laddr=('::1', 50463, 0, 0), raddr=('::1', 5672, 0, 0)>
2023-11-17 11:36:12,996 - INFO - Streaming transport linked up: (<pika.adapters.utils.io_services_utils._AsyncPlaintextTransport object at 0x0000013E4B20F550>, _StreamingProtocolShim: <SelectConnection PROTOCOL transport=<pika.adapters.utils.io_services_utils._AsyncPlaintextTransport object at 0x0000013E4B20F550> params=<ConnectionParameters host=localhost port=5672 virtual_host=/ ssl=False>>).
2023-11-17 11:36:13,000 - INFO - AMQPConnector - reporting success: <SelectConnection OPEN transport=<pika.adapters.utils.io_services_utils._AsyncPlaintextTransport object at 0x0000013E4B20F550> params=<ConnectionParameters host=localhost port=5672 virtual_host=/ ssl=False>>
2023-11-17 11:36:13,000 - INFO - AMQPConnectionWorkflow - reporting success: <SelectConnection OPEN transport=<pika.adapters.utils.io_services_utils._AsyncPlaintextTransport object at 0x0000013E4B20F550> params=<ConnectionParameters host=localhost port=5672 virtual_host=/ ssl=False>>
2023-11-17 11:36:13,000 - INFO - Connection workflow succeeded: <SelectConnection OPEN transport=<pika.adapters.utils.io_services_utils._AsyncPlaintextTransport object at 0x0000013E4B20F550> params=<ConnectionParameters host=localhost port=5672 virtual_host=/ ssl=False>>
2023-11-17 11:36:13,000 - INFO - Created channel=1
2023-11-17 11:36:13,001 - ERROR - Error processing row ['M2', '2011-03-31T01:00:00Z', '1001.5098464988656', '174', '20.948', '26.868', '1.25', '4.688', '176', '1.719', '8.672', '8.35', '91.953', '1']: could not convert string to float: '2011 03 31 01 00 00'
2023-11-17 11:36:13,208 - ERROR - Error processing row ['M2', '2011-03-31T02:00:00Z', '999.16', '171', '20.948', '26.413', '1.406', '4.688', '173', '2.188', '8.979', '8.262', '93.672', '1']: could not convert string to float: '2011 03 31 02 00 00'
2023-11-17 11:36:13,423 - ERROR - Error processing row ['M2', '2011-03-31T03:00:00Z', '997.598', '188', '18.671', '25.046', '1.563', '4.688', '174', '2.422', '9.526', '8.203', '94.102', '1']: could not convert string to float: '2011 03 31 03 00 00'
2023-11-17 11:36:13,625 - ERROR - Error processing row ['M2', '2011-03-31T04:00:00Z', '995.645', '199', '23.68', '30.056', '1.641', '4.688', '172', '2.5', '10.039', '8.174', '92.813', '1']: could not convert string to float: '2011 03 31 04 00 00'
2023-11-17 11:36:13,826 - ERROR - Error processing row ['M2', '2011-03-31T05:00:00Z', '995.547', '195', '23.68', '30.056', '2.109', '4.922', '190', '3.75', '10.313', '8.174', '91.523', '1']: could not convert string to float: '2011 03 31 05 00 00'
2023-11-17 11:36:14,031 - ERROR - Error processing row ['M2', '2011-03-31T06:00:00Z', '995.645', '196', '24.136', '31.422', '2.188', '4.688', '193', '3.594', '10.483', '8.262', '89.805', '1']: could not convert string to float: '2011 03 31 06 00 00'
2023-11-17 11:36:14,234 - ERROR - Error processing row ['M2', '2011-03-31T07:00:00Z', '995.449', '230', '28.234', '43.262', '2.266', '4.922', '191', '3.203', '12.705', '8.291', '68.75', '1']: could not convert string to float: '2011 03 31 07 00 00'
2023-11-17 11:36:14,448 - ERROR - Error processing row ['M2', '2011-03-31T08:00:00Z', '998.379', '251', '23.68', '31.877', '2.422', '4.688', '201', '3.281', '11.03', '8.32', '74.336', '1']: could not convert string to float: '2011 03 31 08 00 00'
2023-11-17 11:36:14,649 - ERROR - Error processing row ['M2', '2011-03-31T09:00:00Z', '1001.5098464988656', '255', '23.68', '31.877', '2.422', '4.805', '212', '3.359', '10.62', '8.262', '73.906', '1']: could not convert string to float: '2011 03 31 09 00 00'
2023-11-17 11:36:14,850 - ERROR - Error processing row ['M2', '2011-03-31T10:00:00Z', '1001.5098464988656', '257', '21.403', '29.145', '2.969', '5.508', '228', '4.531', '10.449', '8.174', '73.477', '1']: could not convert string to float: '2011 03 31 10 00 00'
2023-11-17 11:36:15,051 - ERROR - Error processing row ['M2', '2011-03-31T11:00:00Z', '1001.5098464988656', '251', '21.403', '29.145', '2.344', '5.273', '224', '4.219', '10.483', '8.262', '75.195', '1']: could not convert string to float: '2011 03 31 11 00 00'
2023-11-17 11:36:15,253 - ERROR - Error processing row ['M2', '2011-03-31T12:00:00Z', '1001.5098464988656', '254', '15.483', '19.582', '2.266', '5.156', '222', '3.047', '10.552', '8.32', '73.047', '1']: could not convert string to float: '2011 03 31 12 00 00'
2023-11-17 11:36:15,455 - ERROR - Error processing row ['M2', '2011-03-31T13:00:00Z', '1001.5098464988656', '261', '14.117', '19.126', '2.031', '5.273', '226', '2.734', '10.859', '8.291', '71.758', '1']: could not convert string to float: '2011 03 31 13 00 00'
2023-11-17 11:36:15,658 - ERROR - Error processing row ['M2', '2011-03-31T14:00:00Z', '1001.5098464988656', '239', '10.929', '15.939', '1.797', '5.273', '236', '2.422', '11.235', '8.291', '70.039', '1']: could not convert string to float: '2011 03 31 14 00 00'
2023-11-17 11:36:15,858 - ERROR - Error processing row ['M2', '2011-03-31T15:00:00Z', '1001.5098464988656', '181', '10.474', '20.037', '1.875', '5.391', '229', '2.891', '12.056', '8.262', '64.023', '1']: could not convert string to float: '2011 03 31 15 00 00'
2023-11-17 11:36:16,062 - ERROR - Error processing row ['M2', '2011-03-31T16:00:00Z', '1008.34', '220', '8.652', '11.385', '1.484', '5.156', '211', '2.344', '11.543', '8.291', '69.609', '1']: could not convert string to float: '2011 03 31 16 00 00'
2023-11-17 11:36:16,264 - ERROR - Error processing row ['M2', '2011-03-31T17:00:00Z', '1008.34', '165', '12.296', '15.028', '1.328', '4.922', '212', '1.875', '9.663', '8.291', '86.797', '1']: could not convert string to float: '2011 03 31 17 00 00'
2023-11-17 11:36:16,465 - ERROR - Error processing row ['M2', '2011-03-31T18:00:00Z', '1001.5098464988656', '184', '13.206', '17.76', '1.328', '4.922', '207', '1.875', '9.629', '8.291', '91.094', '1']: could not convert string to float: '2011 03 31 18 00 00'
2023-11-17 11:36:16,667 - ERROR - Error processing row ['M2', '2011-03-31T19:00:00Z', '1001.5098464988656', '198', '17.305', '20.948', '1.406', '4.219', '191', '1.641', '9.731', '8.35', '91.094', '1']: could not convert string to float: '2011 03 31 19 00 00'
2023-11-17 11:36:16,870 - ERROR - Error processing row ['M2', '2011-03-31T20:00:00Z', '1001.5098464988656', '203', '19.582', '24.136', '1.484', '4.219', '193', '1.953', '9.971', '8.32', '89.805', '1']: could not convert string to float: '2011 03 31 20 00 00'
2023-11-17 11:36:17,072 - ERROR - Error processing row ['M2', '2011-03-31T21:00:00Z', '1001.5098464988656', '203', '20.037', '24.591', '1.484', '4.219', '194', '2.031', '9.697', '8.379', '91.094', '1']: could not convert string to float: '2011 03 31 21 00 00'
2023-11-17 11:36:17,273 - ERROR - Error processing row ['M2', '2011-03-31T22:00:00Z', '1001.5098464988656', '199', '21.403', '25.957', '1.406', '4.219', '193', '2.188', '9.731', '8.379', '91.094', '1']: could not convert string to float: '2011 03 31 22 00 00'
2023-11-17 11:36:17,475 - ERROR - Error processing row ['M2', '2011-03-31T23:00:00Z', '1001.5098464988656', '191', '19.582', '24.591', '1.406', '4.336', '183', '1.953', '9.526', '8.35', '92.383', '1']: could not convert string to float: '2011 03 31 23 00 00'
2023-11-17 11:36:17,677 - ERROR - Error processing row ['M2', '2011-04-01T00:00:00Z', '1001.5098464988656', '196', '13.206', '18.671', '1.563', '4.688', '173', '2.344', '9.458', '8.379', '94.531', '1']: could not convert string to float: '2011 04 01 00 00 00'
2023-11-17 11:36:17,878 - ERROR - Error processing row ['M2', '2011-04-01T01:00:00Z', '1001.5098464988656', '192', '14.573', '21.403', '1.719', '5.391', '174', '2.5', '9.595', '8.291', '94.961', '1']: could not convert string to float: '2011 04 01 01 00 00'
2023-11-17 11:36:18,093 - ERROR - Error processing row ['M2', '2011-04-01T02:00:00Z', '1001.5098464988656', '196', '19.582', '26.413', '1.484', '5.273', '170', '1.953', '9.561', '8.291', '94.961', '1']: could not convert string to float: '2011 04 01 02 00 00'
2023-11-17 11:36:18,296 - ERROR - Error processing row ['M2', '2011-04-01T03:00:00Z', '1001.5098464988656', '191', '22.314', '29.145', '1.953', '5.508', '180', '2.578', '9.595', '8.232', '94.961', '1']: could not convert string to float: '2011 04 01 03 00 00'
2023-11-17 11:36:18,485 - INFO - 
Closing connection. Goodbye.

2023-11-17 11:36:18,485 - INFO - Closing connection (200): Normal shutdown
2023-11-17 11:36:18,485 - INFO - Closing channel (200): 'Normal shutdown' on <Channel number=1 OPEN conn=<SelectConnection OPEN transport=<pika.adapters.utils.io_services_utils._AsyncPlaintextTransport object at 0x0000013E4B20F550> params=<ConnectionParameters host=localhost port=5672 virtual_host=/ ssl=False>>>
2023-11-17 11:36:18,487 - INFO - Received <Channel.CloseOk> on <Channel number=1 CLOSING conn=<SelectConnection OPEN transport=<pika.adapters.utils.io_services_utils._AsyncPlaintextTransport object at 0x0000013E4B20F550> params=<ConnectionParameters host=localhost port=5672 virtual_host=/ ssl=False>>>
2023-11-17 11:36:18,488 - INFO - Closing connection (200): 'Normal shutdown'
2023-11-17 11:36:18,489 - INFO - Aborting transport connection: state=1; <socket.socket fd=624, family=AddressFamily.AF_INET6, type=SocketKind.SOCK_STREAM, proto=6, laddr=('::1', 50463, 0, 0), raddr=('::1', 5672, 0, 0)>
2023-11-17 11:36:18,490 - INFO - _AsyncTransportBase._initate_abort(): Initiating abrupt asynchronous transport shutdown: state=1; error=None; <socket.socket fd=624, family=AddressFamily.AF_INET6, type=SocketKind.SOCK_STREAM, proto=6, laddr=('::1', 50463, 0, 0), raddr=('::1', 5672, 0, 0)>
2023-11-17 11:36:18,490 - INFO - Deactivating transport: state=1; <socket.socket fd=624, family=AddressFamily.AF_INET6, type=SocketKind.SOCK_STREAM, proto=6, laddr=('::1', 50463, 0, 0), raddr=('::1', 5672, 0, 0)>
2023-11-17 11:36:18,490 - INFO - AMQP stack terminated, failed to connect, or aborted: opened=True, error-arg=None; pending-error=ConnectionClosedByClient: (200) 'Normal shutdown'
2023-11-17 11:36:18,490 - INFO - Stack terminated due to ConnectionClosedByClient: (200) 'Normal shutdown'
2023-11-17 11:36:18,490 - INFO - Closing transport socket and unlinking: state=3; <socket.socket fd=624, family=AddressFamily.AF_INET6, type=SocketKind.SOCK_STREAM, proto=6, laddr=('::1', 50463, 0, 0), raddr=('::1', 5672, 0, 0)>
2023-11-17 11:36:18,491 - INFO - User-initiated close: result=BlockingConnection__OnClosedArgs(connection=<SelectConnection CLOSED transport=None params=<ConnectionParameters host=localhost port=5672 virtual_host=/ ssl=False>>, error=ConnectionClosedByClient: (200) 'Normal shutdown')
